<?xml version="1.0" encoding="UTF-8"?>
<testng-results skipped="0" failed="2" ignored="0" total="2" passed="0">
  <reporter-output>
  </reporter-output>
  <suite name="Default suite" duration-ms="41910" started-at="2021-01-04T05:38:40Z" finished-at="2021-01-04T05:39:22Z">
    <groups>
    </groups>
    <test name="Default test" duration-ms="41910" started-at="2021-01-04T05:38:40Z" finished-at="2021-01-04T05:39:22Z">
      <class name="com.iamsath.qa.testcases.CatalogPageTest">
        <test-method status="PASS" signature="setup()[pri:0, instance:com.iamsath.qa.testcases.CatalogPageTest@71b1176b]" name="setup" is-config="true" duration-ms="19284" started-at="2021-01-04T05:38:40Z" finished-at="2021-01-04T05:38:59Z">
          <reporter-output>
          </reporter-output>
        </test-method> <!-- setup -->
        <test-method status="FAIL" signature="checkSearchField()[pri:1, instance:com.iamsath.qa.testcases.CatalogPageTest@71b1176b]" name="checkSearchField" duration-ms="16" started-at="2021-01-04T05:38:59Z" finished-at="2021-01-04T05:38:59Z">
          <exception class="java.lang.NullPointerException">
            <full-stacktrace>
              <![CDATA[java.lang.NullPointerException
at com.iamsath.qa.pages.CatalogPage.isSearchfiledVisible(CatalogPage.java:29)
at com.iamsath.qa.testcases.CatalogPageTest.checkSearchField(CatalogPageTest.java:39)
at sun.reflect.NativeMethodAccessorImpl.invoke0(Native Method)
at sun.reflect.NativeMethodAccessorImpl.invoke(Unknown Source)
at sun.reflect.DelegatingMethodAccessorImpl.invoke(Unknown Source)
at java.lang.reflect.Method.invoke(Unknown Source)
at org.testng.internal.MethodInvocationHelper.invokeMethod(MethodInvocationHelper.java:124)
at org.testng.internal.Invoker.invokeMethod(Invoker.java:583)
at org.testng.internal.Invoker.invokeTestMethod(Invoker.java:719)
at org.testng.internal.Invoker.invokeTestMethods(Invoker.java:989)
at org.testng.internal.TestMethodWorker.invokeTestMethods(TestMethodWorker.java:125)
at org.testng.internal.TestMethodWorker.run(TestMethodWorker.java:109)
at org.testng.TestRunner.privateRun(TestRunner.java:648)
at org.testng.TestRunner.run(TestRunner.java:505)
at org.testng.SuiteRunner.runTest(SuiteRunner.java:455)
at org.testng.SuiteRunner.runSequentially(SuiteRunner.java:450)
at org.testng.SuiteRunner.privateRun(SuiteRunner.java:415)
at org.testng.SuiteRunner.run(SuiteRunner.java:364)
at org.testng.SuiteRunnerWorker.runSuite(SuiteRunnerWorker.java:52)
at org.testng.SuiteRunnerWorker.run(SuiteRunnerWorker.java:84)
at org.testng.TestNG.runSuitesSequentially(TestNG.java:1208)
at org.testng.TestNG.runSuitesLocally(TestNG.java:1137)
at org.testng.TestNG.runSuites(TestNG.java:1049)
at org.testng.TestNG.run(TestNG.java:1017)
at org.testng.remote.AbstractRemoteTestNG.run(AbstractRemoteTestNG.java:115)
at org.testng.remote.RemoteTestNG.initAndRun(RemoteTestNG.java:251)
at org.testng.remote.RemoteTestNG.main(RemoteTestNG.java:77)
]]>
            </full-stacktrace>
          </exception> <!-- java.lang.NullPointerException -->
          <reporter-output>
          </reporter-output>
        </test-method> <!-- checkSearchField -->
        <test-method status="PASS" signature="tearDown()[pri:0, instance:com.iamsath.qa.testcases.CatalogPageTest@71b1176b]" name="tearDown" is-config="true" duration-ms="703" started-at="2021-01-04T05:38:59Z" finished-at="2021-01-04T05:39:00Z">
          <reporter-output>
          </reporter-output>
        </test-method> <!-- tearDown -->
        <test-method status="PASS" signature="setup()[pri:0, instance:com.iamsath.qa.testcases.CatalogPageTest@71b1176b]" name="setup" is-config="true" duration-ms="21193" started-at="2021-01-04T05:39:00Z" finished-at="2021-01-04T05:39:21Z">
          <reporter-output>
          </reporter-output>
        </test-method> <!-- setup -->
        <test-method status="FAIL" signature="checkSearchResult()[pri:2, instance:com.iamsath.qa.testcases.CatalogPageTest@71b1176b]" name="checkSearchResult" duration-ms="14" started-at="2021-01-04T05:39:21Z" finished-at="2021-01-04T05:39:21Z">
          <exception class="java.lang.NullPointerException">
            <full-stacktrace>
              <![CDATA[java.lang.NullPointerException
at com.iamsath.qa.pages.CatalogPage.searchfunction(CatalogPage.java:35)
at com.iamsath.qa.testcases.CatalogPageTest.checkSearchResult(CatalogPageTest.java:45)
at sun.reflect.NativeMethodAccessorImpl.invoke0(Native Method)
at sun.reflect.NativeMethodAccessorImpl.invoke(Unknown Source)
at sun.reflect.DelegatingMethodAccessorImpl.invoke(Unknown Source)
at java.lang.reflect.Method.invoke(Unknown Source)
at org.testng.internal.MethodInvocationHelper.invokeMethod(MethodInvocationHelper.java:124)
at org.testng.internal.Invoker.invokeMethod(Invoker.java:583)
at org.testng.internal.Invoker.invokeTestMethod(Invoker.java:719)
at org.testng.internal.Invoker.invokeTestMethods(Invoker.java:989)
at org.testng.internal.TestMethodWorker.invokeTestMethods(TestMethodWorker.java:125)
at org.testng.internal.TestMethodWorker.run(TestMethodWorker.java:109)
at org.testng.TestRunner.privateRun(TestRunner.java:648)
at org.testng.TestRunner.run(TestRunner.java:505)
at org.testng.SuiteRunner.runTest(SuiteRunner.java:455)
at org.testng.SuiteRunner.runSequentially(SuiteRunner.java:450)
at org.testng.SuiteRunner.privateRun(SuiteRunner.java:415)
at org.testng.SuiteRunner.run(SuiteRunner.java:364)
at org.testng.SuiteRunnerWorker.runSuite(SuiteRunnerWorker.java:52)
at org.testng.SuiteRunnerWorker.run(SuiteRunnerWorker.java:84)
at org.testng.TestNG.runSuitesSequentially(TestNG.java:1208)
at org.testng.TestNG.runSuitesLocally(TestNG.java:1137)
at org.testng.TestNG.runSuites(TestNG.java:1049)
at org.testng.TestNG.run(TestNG.java:1017)
at org.testng.remote.AbstractRemoteTestNG.run(AbstractRemoteTestNG.java:115)
at org.testng.remote.RemoteTestNG.initAndRun(RemoteTestNG.java:251)
at org.testng.remote.RemoteTestNG.main(RemoteTestNG.java:77)
]]>
            </full-stacktrace>
          </exception> <!-- java.lang.NullPointerException -->
          <reporter-output>
          </reporter-output>
        </test-method> <!-- checkSearchResult -->
        <test-method status="PASS" signature="tearDown()[pri:0, instance:com.iamsath.qa.testcases.CatalogPageTest@71b1176b]" name="tearDown" is-config="true" duration-ms="673" started-at="2021-01-04T05:39:21Z" finished-at="2021-01-04T05:39:22Z">
          <reporter-output>
          </reporter-output>
        </test-method> <!-- tearDown -->
      </class> <!-- com.iamsath.qa.testcases.CatalogPageTest -->
    </test> <!-- Default test -->
  </suite> <!-- Default suite -->
</testng-results>
